{"level":"info","message":"Running on PORT 3000"}
{"level":"error","message":"getaddrinfo ENOTFOUND database-host"}
{"level":"info","message":"Running on PORT 3000"}
{"level":"error","message":"getaddrinfo ENOTFOUND database-host"}
{"level":"info","message":"Running on PORT 3001"}
{"level":"error","message":"getaddrinfo ENOTFOUND database-host"}
{"level":"info","message":"Running on PORT 3001"}
{"level":"error","message":"ER_NOT_SUPPORTED_AUTH_MODE: Client does not support authentication protocol requested by server; consider upgrading MySQL client"}
{"level":"info","message":"Running on PORT 3001"}
{"level":"error","message":"Unknown database 'inventory'"}
{"level":"info","message":"Running on PORT 3001"}
{"level":"info","message":"Database connected"}
{"level":"error","message":"Table 'inventory.users' doesn't exist"}
{"level":"error","message":"Table 'inventory.users' doesn't exist"}
{"level":"error","message":"Table 'inventory.users' doesn't exist"}
{"level":"info","message":"Running on PORT 3001"}
{"level":"info","message":"Database connected"}
{"level":"info","message":"Table users created!"}
{"level":"info","message":"Running on PORT 3001"}
{"level":"info","message":"Database connected"}
{"level":"info","message":"Running on PORT 3001"}
{"level":"info","message":"Database connected"}
{"level":"info","message":"Running on PORT 3001"}
{"level":"info","message":"Database connected"}
{"level":"info","message":"Running on PORT 3001"}
{"level":"info","message":"Database connected"}
{"level":"info","message":"Running on PORT 3001"}
{"level":"info","message":"Database connected"}
{"level":"info","message":"Running on PORT 3001"}
{"level":"info","message":"Database connected"}
{"level":"info","message":"Running on PORT 3001"}
{"level":"info","message":"Database connected"}
{"level":"info","message":"Running on PORT 3001"}
{"level":"info","message":"Database connected"}
{"level":"info","message":"Running on PORT 3001"}
{"level":"info","message":"Database connected"}
{"level":"info","message":"Running on PORT 3001"}
{"level":"info","message":"Database connected"}
{"level":"info","message":"Running on PORT 3001"}
{"level":"info","message":"Database connected"}
{"level":"info","message":"Running on PORT 3001"}
{"level":"info","message":"Database connected"}
{"level":"info","message":"Running on PORT 3001"}
{"level":"info","message":"Database connected"}
{"level":"info","message":"Running on PORT 3001"}
{"level":"info","message":"Database connected"}
{"level":"info","message":"Table users created!"}
{"level":"info","message":"Running on PORT 3001"}
{"level":"info","message":"Database connected"}
{"level":"info","message":"Running on PORT 3001"}
{"level":"info","message":"Database connected"}
{"level":"info","message":"Running on PORT 3001"}
{"level":"info","message":"Database connected"}
{"level":"info","message":"Table users created!"}
{"level":"info","message":"Running on PORT 3001"}
{"level":"error","message":"Unknown database 'inventory'"}
{"level":"info","message":"Running on PORT 3001"}
{"level":"error","message":"Unknown database 'inventory'"}
{"level":"info","message":"DB created!"}
{"level":"info","message":"Running on PORT 3001"}
{"level":"info","message":"Database connected"}
{"level":"info","message":"Table users created!"}
{"level":"info","message":"Running on PORT 3001"}
{"level":"info","message":"Database connected"}
{"level":"info","message":"Running on PORT 3001"}
{"level":"info","message":"Database connected"}
{"level":"error","message":"Column 'role' cannot be null"}
{"level":"info","message":"Running on PORT 3001"}
{"level":"info","message":"Database connected"}
{"level":"info","message":"Running on PORT 3001"}
{"level":"info","message":"Database connected"}
{"level":"info","message":"Running on PORT 3001"}
{"level":"info","message":"Database connected"}
{"level":"info","message":"Running on PORT 3001"}
{"level":"info","message":"Database connected"}
{"level":"info","message":"Running on PORT 3001"}
{"level":"info","message":"Database connected"}
{"level":"info","message":"Running on PORT 3001"}
{"level":"info","message":"Database connected"}
{"level":"info","message":"Running on PORT 3001"}
{"level":"info","message":"Database connected"}
{"level":"info","message":"Running on PORT 3001"}
{"level":"info","message":"Database connected"}
{"level":"info","message":"Running on PORT 3001"}
{"level":"info","message":"Database connected"}
{"level":"info","message":"Running on PORT 3001"}
{"level":"info","message":"Database connected"}
{"level":"info","message":"Running on PORT 3001"}
{"level":"info","message":"Database connected"}
{"level":"info","message":"Running on PORT 3001"}
{"level":"info","message":"Database connected"}
