{"level":"error","message":"getaddrinfo ENOTFOUND database-host"}
{"level":"error","message":"getaddrinfo ENOTFOUND database-host"}
{"level":"error","message":"getaddrinfo ENOTFOUND database-host"}
{"level":"error","message":"ER_NOT_SUPPORTED_AUTH_MODE: Client does not support authentication protocol requested by server; consider upgrading MySQL client"}
{"level":"error","message":"Unknown database 'inventory'"}
{"level":"error","message":"Table 'inventory.users' doesn't exist"}
{"level":"error","message":"Table 'inventory.users' doesn't exist"}
{"level":"error","message":"Table 'inventory.users' doesn't exist"}
{"level":"error","message":"Unknown database 'inventory'"}
{"level":"error","message":"Unknown database 'inventory'"}
{"level":"error","message":"Column 'role' cannot be null"}
{"level":"error","message":"read ECONNRESET"}
{"level":"error","message":"Can't add new command when connection is in closed state"}
{"level":"error","message":"You have an error in your SQL syntax; check the manual that corresponds to your MySQL server version for the right syntax to use near 'ASEC' at line 1"}
{"level":"error","message":"You have an error in your SQL syntax; check the manual that corresponds to your MySQL server version for the right syntax to use near 'ASEC' at line 1"}
{"level":"error","message":"You have an error in your SQL syntax; check the manual that corresponds to your MySQL server version for the right syntax to use near 'ASEC' at line 1"}
{"level":"error","message":"You have an error in your SQL syntax; check the manual that corresponds to your MySQL server version for the right syntax to use near 'ASC' at line 1"}
{"level":"error","message":"You have an error in your SQL syntax; check the manual that corresponds to your MySQL server version for the right syntax to use near '?' at line 1"}
{"level":"error","message":"You have an error in your SQL syntax; check the manual that corresponds to your MySQL server version for the right syntax to use near 'where id = '1'' at line 1"}
{"level":"error","message":"You have an error in your SQL syntax; check the manual that corresponds to your MySQL server version for the right syntax to use near 'where id = '2'' at line 1"}
{"level":"error","message":"You have an error in your SQL syntax; check the manual that corresponds to your MySQL server version for the right syntax to use near 'where id = '3'' at line 1"}
{"level":"error","message":"You have an error in your SQL syntax; check the manual that corresponds to your MySQL server version for the right syntax to use near 'WHERE id = 3' at line 1"}
{"level":"error","message":"You have an error in your SQL syntax; check the manual that corresponds to your MySQL server version for the right syntax to use near 'WHERE id = \"3\"' at line 1"}
{"level":"error","message":"Truncated incorrect DOUBLE value: 'Sale'"}
{"level":"error","message":"read ETIMEDOUT"}
{"level":"error","message":"Can't add new command when connection is in closed state"}
{"level":"error","message":"Can't add new command when connection is in closed state"}
{"level":"error","message":"Can't add new command when connection is in closed state"}
